27-03-2023 18:50:3	Error	TypeError: users.create is not a function
    at C:\Users\LENOVO\Desktop\matfly\self\user\src\users\users.js:11:32
    at Layer.handle [as handle_request] (C:\Users\LENOVO\Desktop\matfly\self\user\node_modules\express\lib\router\layer.js:95:5)
    at next (C:\Users\LENOVO\Desktop\matfly\self\user\node_modules\express\lib\router\route.js:144:13)
    at Route.dispatch (C:\Users\LENOVO\Desktop\matfly\self\user\node_modules\express\lib\router\route.js:114:3)
    at Layer.handle [as handle_request] (C:\Users\LENOVO\Desktop\matfly\self\user\node_modules\express\lib\router\layer.js:95:5)
    at C:\Users\LENOVO\Desktop\matfly\self\user\node_modules\express\lib\router\index.js:284:15
    at Function.process_params (C:\Users\LENOVO\Desktop\matfly\self\user\node_modules\express\lib\router\index.js:346:12)
    at next (C:\Users\LENOVO\Desktop\matfly\self\user\node_modules\express\lib\router\index.js:280:10)
    at Function.handle (C:\Users\LENOVO\Desktop\matfly\self\user\node_modules\express\lib\router\index.js:175:3)
    at router (C:\Users\LENOVO\Desktop\matfly\self\user\node_modules\express\lib\router\index.js:47:12)
27-03-2023 18:51:32	Error	TypeError: Cannot read properties of undefined (reading 'create')
    at C:\Users\LENOVO\Desktop\matfly\self\user\src\users\users.js:11:32
    at Layer.handle [as handle_request] (C:\Users\LENOVO\Desktop\matfly\self\user\node_modules\express\lib\router\layer.js:95:5)
    at next (C:\Users\LENOVO\Desktop\matfly\self\user\node_modules\express\lib\router\route.js:144:13)
    at Route.dispatch (C:\Users\LENOVO\Desktop\matfly\self\user\node_modules\express\lib\router\route.js:114:3)
    at Layer.handle [as handle_request] (C:\Users\LENOVO\Desktop\matfly\self\user\node_modules\express\lib\router\layer.js:95:5)
    at C:\Users\LENOVO\Desktop\matfly\self\user\node_modules\express\lib\router\index.js:284:15
    at Function.process_params (C:\Users\LENOVO\Desktop\matfly\self\user\node_modules\express\lib\router\index.js:346:12)
    at next (C:\Users\LENOVO\Desktop\matfly\self\user\node_modules\express\lib\router\index.js:280:10)
    at Function.handle (C:\Users\LENOVO\Desktop\matfly\self\user\node_modules\express\lib\router\index.js:175:3)
    at router (C:\Users\LENOVO\Desktop\matfly\self\user\node_modules\express\lib\router\index.js:47:12)
27-03-2023 18:56:18	Error	TypeError: Cannot read properties of undefined (reading 'create')
    at C:\Users\LENOVO\Desktop\matfly\self\user\src\users\users.js:11:32
    at Layer.handle [as handle_request] (C:\Users\LENOVO\Desktop\matfly\self\user\node_modules\express\lib\router\layer.js:95:5)
    at next (C:\Users\LENOVO\Desktop\matfly\self\user\node_modules\express\lib\router\route.js:144:13)
    at Route.dispatch (C:\Users\LENOVO\Desktop\matfly\self\user\node_modules\express\lib\router\route.js:114:3)
    at Layer.handle [as handle_request] (C:\Users\LENOVO\Desktop\matfly\self\user\node_modules\express\lib\router\layer.js:95:5)
    at C:\Users\LENOVO\Desktop\matfly\self\user\node_modules\express\lib\router\index.js:284:15
    at Function.process_params (C:\Users\LENOVO\Desktop\matfly\self\user\node_modules\express\lib\router\index.js:346:12)
    at next (C:\Users\LENOVO\Desktop\matfly\self\user\node_modules\express\lib\router\index.js:280:10)
    at Function.handle (C:\Users\LENOVO\Desktop\matfly\self\user\node_modules\express\lib\router\index.js:175:3)
    at router (C:\Users\LENOVO\Desktop\matfly\self\user\node_modules\express\lib\router\index.js:47:12)
27-03-2023 18:56:33	Error	TypeError: Cannot read properties of undefined (reading 'create')
    at C:\Users\LENOVO\Desktop\matfly\self\user\src\users\users.js:11:32
    at Layer.handle [as handle_request] (C:\Users\LENOVO\Desktop\matfly\self\user\node_modules\express\lib\router\layer.js:95:5)
    at next (C:\Users\LENOVO\Desktop\matfly\self\user\node_modules\express\lib\router\route.js:144:13)
    at Route.dispatch (C:\Users\LENOVO\Desktop\matfly\self\user\node_modules\express\lib\router\route.js:114:3)
    at Layer.handle [as handle_request] (C:\Users\LENOVO\Desktop\matfly\self\user\node_modules\express\lib\router\layer.js:95:5)
    at C:\Users\LENOVO\Desktop\matfly\self\user\node_modules\express\lib\router\index.js:284:15
    at Function.process_params (C:\Users\LENOVO\Desktop\matfly\self\user\node_modules\express\lib\router\index.js:346:12)
    at next (C:\Users\LENOVO\Desktop\matfly\self\user\node_modules\express\lib\router\index.js:280:10)
    at Function.handle (C:\Users\LENOVO\Desktop\matfly\self\user\node_modules\express\lib\router\index.js:175:3)
    at router (C:\Users\LENOVO\Desktop\matfly\self\user\node_modules\express\lib\router\index.js:47:12)
27-03-2023 18:58:43	Error	TypeError: users.create is not a function
    at C:\Users\LENOVO\Desktop\matfly\self\user\src\users\users.js:11:32
    at Layer.handle [as handle_request] (C:\Users\LENOVO\Desktop\matfly\self\user\node_modules\express\lib\router\layer.js:95:5)
    at next (C:\Users\LENOVO\Desktop\matfly\self\user\node_modules\express\lib\router\route.js:144:13)
    at Route.dispatch (C:\Users\LENOVO\Desktop\matfly\self\user\node_modules\express\lib\router\route.js:114:3)
    at Layer.handle [as handle_request] (C:\Users\LENOVO\Desktop\matfly\self\user\node_modules\express\lib\router\layer.js:95:5)
    at C:\Users\LENOVO\Desktop\matfly\self\user\node_modules\express\lib\router\index.js:284:15
    at Function.process_params (C:\Users\LENOVO\Desktop\matfly\self\user\node_modules\express\lib\router\index.js:346:12)
    at next (C:\Users\LENOVO\Desktop\matfly\self\user\node_modules\express\lib\router\index.js:280:10)
    at Function.handle (C:\Users\LENOVO\Desktop\matfly\self\user\node_modules\express\lib\router\index.js:175:3)
    at router (C:\Users\LENOVO\Desktop\matfly\self\user\node_modules\express\lib\router\index.js:47:12)
27-03-2023 20:31:16	Error	Error: WHERE parameter "first_name" has invalid "undefined" value
    at MySQLQueryGenerator.whereItemQuery (C:\Users\LENOVO\Desktop\matfly\self\user\node_modules\sequelize\lib\dialects\abstract\query-generator.js:1739:13)
    at C:\Users\LENOVO\Desktop\matfly\self\user\node_modules\sequelize\lib\dialects\abstract\query-generator.js:1730:25
    at Array.forEach (<anonymous>)
    at MySQLQueryGenerator.whereItemsQuery (C:\Users\LENOVO\Desktop\matfly\self\user\node_modules\sequelize\lib\dialects\abstract\query-generator.js:1728:35)
    at MySQLQueryGenerator.getWhereConditions (C:\Users\LENOVO\Desktop\matfly\self\user\node_modules\sequelize\lib\dialects\abstract\query-generator.js:2071:19)
    at MySQLQueryGenerator.selectQuery (C:\Users\LENOVO\Desktop\matfly\self\user\node_modules\sequelize\lib\dialects\abstract\query-generator.js:988:28)
    at MySQLQueryInterface.select (C:\Users\LENOVO\Desktop\matfly\self\user\node_modules\sequelize\lib\dialects\abstract\query-interface.js:407:59)
    at Users.findAll (C:\Users\LENOVO\Desktop\matfly\self\user\node_modules\sequelize\lib\model.js:1140:47)
    at process.processTicksAndRejections (node:internal/process/task_queues:95:5)
    at async C:\Users\LENOVO\Desktop\matfly\self\user\src\users\users.js:78:20
27-03-2023 20:31:30	Error	Error: WHERE parameter "first_name" has invalid "undefined" value
    at MySQLQueryGenerator.whereItemQuery (C:\Users\LENOVO\Desktop\matfly\self\user\node_modules\sequelize\lib\dialects\abstract\query-generator.js:1739:13)
    at C:\Users\LENOVO\Desktop\matfly\self\user\node_modules\sequelize\lib\dialects\abstract\query-generator.js:1730:25
    at Array.forEach (<anonymous>)
    at MySQLQueryGenerator.whereItemsQuery (C:\Users\LENOVO\Desktop\matfly\self\user\node_modules\sequelize\lib\dialects\abstract\query-generator.js:1728:35)
    at MySQLQueryGenerator.getWhereConditions (C:\Users\LENOVO\Desktop\matfly\self\user\node_modules\sequelize\lib\dialects\abstract\query-generator.js:2071:19)
    at MySQLQueryGenerator.selectQuery (C:\Users\LENOVO\Desktop\matfly\self\user\node_modules\sequelize\lib\dialects\abstract\query-generator.js:988:28)
    at MySQLQueryInterface.select (C:\Users\LENOVO\Desktop\matfly\self\user\node_modules\sequelize\lib\dialects\abstract\query-interface.js:407:59)
    at Users.findAll (C:\Users\LENOVO\Desktop\matfly\self\user\node_modules\sequelize\lib\model.js:1140:47)
    at process.processTicksAndRejections (node:internal/process/task_queues:95:5)
    at async C:\Users\LENOVO\Desktop\matfly\self\user\src\users\users.js:78:20
27-03-2023 20:32:9	Error	Error: WHERE parameter "id" has invalid "undefined" value
    at MySQLQueryGenerator.whereItemQuery (C:\Users\LENOVO\Desktop\matfly\self\user\node_modules\sequelize\lib\dialects\abstract\query-generator.js:1739:13)
    at C:\Users\LENOVO\Desktop\matfly\self\user\node_modules\sequelize\lib\dialects\abstract\query-generator.js:1730:25
    at Array.forEach (<anonymous>)
    at MySQLQueryGenerator.whereItemsQuery (C:\Users\LENOVO\Desktop\matfly\self\user\node_modules\sequelize\lib\dialects\abstract\query-generator.js:1728:35)
    at MySQLQueryGenerator.getWhereConditions (C:\Users\LENOVO\Desktop\matfly\self\user\node_modules\sequelize\lib\dialects\abstract\query-generator.js:2071:19)
    at MySQLQueryGenerator.selectQuery (C:\Users\LENOVO\Desktop\matfly\self\user\node_modules\sequelize\lib\dialects\abstract\query-generator.js:988:28)
    at MySQLQueryInterface.select (C:\Users\LENOVO\Desktop\matfly\self\user\node_modules\sequelize\lib\dialects\abstract\query-interface.js:407:59)
    at Users.findAll (C:\Users\LENOVO\Desktop\matfly\self\user\node_modules\sequelize\lib\model.js:1140:47)
    at process.processTicksAndRejections (node:internal/process/task_queues:95:5)
    at async C:\Users\LENOVO\Desktop\matfly\self\user\src\users\users.js:78:20
27-03-2023 20:32:31	Error	Error: WHERE parameter "id" has invalid "undefined" value
    at MySQLQueryGenerator.whereItemQuery (C:\Users\LENOVO\Desktop\matfly\self\user\node_modules\sequelize\lib\dialects\abstract\query-generator.js:1739:13)
    at C:\Users\LENOVO\Desktop\matfly\self\user\node_modules\sequelize\lib\dialects\abstract\query-generator.js:1730:25
    at Array.forEach (<anonymous>)
    at MySQLQueryGenerator.whereItemsQuery (C:\Users\LENOVO\Desktop\matfly\self\user\node_modules\sequelize\lib\dialects\abstract\query-generator.js:1728:35)
    at MySQLQueryGenerator.getWhereConditions (C:\Users\LENOVO\Desktop\matfly\self\user\node_modules\sequelize\lib\dialects\abstract\query-generator.js:2071:19)
    at MySQLQueryGenerator.selectQuery (C:\Users\LENOVO\Desktop\matfly\self\user\node_modules\sequelize\lib\dialects\abstract\query-generator.js:988:28)
    at MySQLQueryInterface.select (C:\Users\LENOVO\Desktop\matfly\self\user\node_modules\sequelize\lib\dialects\abstract\query-interface.js:407:59)
    at Users.findAll (C:\Users\LENOVO\Desktop\matfly\self\user\node_modules\sequelize\lib\model.js:1140:47)
    at process.processTicksAndRejections (node:internal/process/task_queues:95:5)
    at async C:\Users\LENOVO\Desktop\matfly\self\user\src\users\users.js:78:20
